<?xml version="1.0" encoding="UTF-8"?>
<testsuite name="EtlTest" tests="4" skipped="0" failures="0" errors="0" timestamp="2016-09-24T18:24:58" hostname="Łukasz-Komputer" time="0.046">
  <properties/>
  <testcase name="testMoreKeys" classname="EtlTest" time="0.04"/>
  <testcase name="testFullDataset" classname="EtlTest" time="0.001"/>
  <testcase name="testTransformMoreValues" classname="EtlTest" time="0.004"/>
  <testcase name="testTransformOneValue" classname="EtlTest" time="0.0"/>
  <system-out><![CDATA[]]></system-out>
  <system-err><![CDATA[]]></system-err>
</testsuite>
